--------- beginning of main
08-30 11:11:55.257  9925  9952 E memtrack: Couldn't load memtrack module
08-30 11:11:55.257  9925  9952 W android.os.Debug: failed to get memory consumption info: -1
08-30 11:12:00.006  2376  2376 D KeyguardUpdateMonitor: received broadcast android.intent.action.TIME_TICK
08-30 11:12:00.008  2376  2376 D KeyguardUpdateMonitor: handleTimeUpdate
08-30 11:12:00.056  1204  1204 D pr      : onReceive
08-30 11:12:00.076  1204  1204 D pr      : UpdateViews
08-30 11:12:00.104  1204  1204 W pr      : Widgets list is empty
08-30 11:12:00.105  1204  1204 D pr      : onReceive
08-30 11:12:00.107  1204  1204 D pr      : UpdateViews
08-30 11:12:00.108  1204  1204 W pr      : Widgets list is empty
08-30 11:12:00.109  1204  1204 D pr      : onReceive
08-30 11:12:00.110  1204  1204 D pr      : UpdateViews
08-30 11:12:00.115  1204  1204 D pr      : onReceive
08-30 11:12:00.116  1204  1204 D pr      : UpdateViews
08-30 11:12:00.132  1204  1204 D pr      : onReceive
08-30 11:12:00.134  1204  1204 D pr      : UpdateViews
08-30 11:12:00.139  1204  1204 D pr      : onReceive
08-30 11:12:00.140  1204  1204 D pr      : UpdateViews
08-30 11:12:00.145  1204  1204 D pr      : onReceive
08-30 11:12:00.147  1204  1204 D pr      : UpdateViews
08-30 11:12:00.164  1663  1681 D CompatibilityInfo: mCompatibilityFlags - 10
08-30 11:12:00.164  1663  1681 D CompatibilityInfo: applicationDensity - 480
08-30 11:12:00.164  1663  1681 D CompatibilityInfo: applicationScale - 1.0
08-30 11:12:00.172  1204  1204 D pr      : onReceive
08-30 11:12:00.175  1663 11485 D CompatibilityInfo: mCompatibilityFlags - 10
08-30 11:12:00.175  1663 11485 D CompatibilityInfo: applicationDensity - 480
08-30 11:12:00.175  1663 11485 D CompatibilityInfo: applicationScale - 1.0
08-30 11:12:00.176  1204  1204 D pr      : UpdateViews
08-30 11:12:00.187  1204  1204 D pr      : onReceive
08-30 11:12:00.187  1204  1204 D pr      : UpdateViews
08-30 11:12:02.815   939  1021 E ANDR-PERF-OPTSHANDLER: Warning: Core control support not present for lock_min_cores on cluster 0 for this target
08-30 11:12:02.815   939  1021 E ANDR-PERF-RESOURCEQS: Failed to apply optimization [4, 0]
--------- beginning of system
08-30 11:12:02.863  1663 11485 I ActivityManager: START u0 {act=android.intent.action.MAIN cat=[android.intent.category.LAUNCHER] flg=0x10200000 cmp=com.ombarus.dicethrow/.MainActivity bnds=[231,464][437,712]} from uid 10108
08-30 11:12:02.867   939   939 E ANDR-PERF-MPCTL: hint lookup failed
08-30 11:12:02.869  1663 11485 E ANDR-PERF-JNI: com_qualcomm_qtiperformance_native_perf_io_prefetch_start
08-30 11:12:02.870   602   602 W /system/bin/hwservicemanager: getTransportFromManifest: Cannot find entry vendor.qti.hardware.iop@1.0::IIop in either framework or device manifest, using default transport.
08-30 11:12:02.871  1663 11485 E ANDR-PERF-JNI: gIOPHAl initialized
08-30 11:12:02.874  1663 11485 D ActivityTrigger: activityStartTrigger: Activity is Triggerred in full screen ApplicationInfo{a2f31a5 com.ombarus.dicethrow}
08-30 11:12:02.874  1663 11485 E ActivityTrigger: activityStartTrigger: not whiteListedcom.ombarus.dicethrow/com.ombarus.dicethrow.MainActivity/10000
08-30 11:12:02.874  1663 11485 D CompatibilityInfo: mCompatibilityFlags - 0
08-30 11:12:02.874  1663 11485 D CompatibilityInfo: applicationDensity - 480
08-30 11:12:02.874  1663 11485 D CompatibilityInfo: applicationScale - 1.0
08-30 11:12:02.875  1663 11485 D ActivityTrigger: activityResumeTrigger: The activity in ApplicationInfo{a2f31a5 com.ombarus.dicethrow} is now in focus and seems to be in full-screen mode
08-30 11:12:02.875  1663 11485 E ActivityTrigger: activityResumeTrigger: not whiteListedcom.ombarus.dicethrow/com.ombarus.dicethrow.MainActivity/10000
08-30 11:12:02.875  1663 11485 D ActivityTrigger: ActivityTrigger activityPauseTrigger 
08-30 11:12:02.880  1663 11485 D ActivityTrigger: activityResumeTrigger: The activity in ApplicationInfo{a2f31a5 com.ombarus.dicethrow} is now in focus and seems to be in full-screen mode
08-30 11:12:02.880  1663 11485 E ActivityTrigger: activityResumeTrigger: not whiteListedcom.ombarus.dicethrow/com.ombarus.dicethrow.MainActivity/10000
08-30 11:12:02.883   939   939 E ANDR-PERF-MPCTL: hint lookup failed
08-30 11:12:02.890  1663 11485 I ActivityManager: Start proc 16747:com.ombarus.dicethrow/u0a331 for activity com.ombarus.dicethrow/.MainActivity
08-30 11:12:02.891  1663 11485 E ANDR-PERF-JNI: com_qualcomm_qtiperformance_native_perf_io_prefetch_start
08-30 11:12:02.891   602   602 W /system/bin/hwservicemanager: getTransportFromManifest: Cannot find entry vendor.qti.hardware.iop@1.0::IIop in either framework or device manifest, using default transport.
08-30 11:12:02.892  1663 11485 E ANDR-PERF-JNI: gIOPHAl initialized
08-30 11:12:02.897 16747 16747 I zygote64: Late-enabling -Xcheck:jni
08-30 11:12:02.912   968   968 D SurfaceFlinger: Backpressure trigger, skipping transaction & refresh!
08-30 11:12:02.923  1663 11485 D CompatibilityInfo: mCompatibilityFlags - 0
08-30 11:12:02.923  1663 11485 D CompatibilityInfo: applicationDensity - 480
08-30 11:12:02.923  1663 11485 D CompatibilityInfo: applicationScale - 1.0
08-30 11:12:02.930  1663 11485 D CompatibilityInfo: mCompatibilityFlags - 0
08-30 11:12:02.930  1663 11485 D CompatibilityInfo: applicationDensity - 480
08-30 11:12:02.930  1663 11485 D CompatibilityInfo: applicationScale - 1.0
08-30 11:12:02.968 16747 16747 I CordovaLog: Changing log level to DEBUG(3)
08-30 11:12:02.968 16747 16747 I CordovaActivity: Apache Cordova native platform version 7.0.0 is starting
08-30 11:12:02.968 16747 16747 D CordovaActivity: CordovaActivity.onCreate()
08-30 11:12:02.980   968   968 D SurfaceFlinger: Backpressure trigger, skipping transaction & refresh!
08-30 11:12:02.980 16747 16747 I WebViewFactory: Loading com.android.chrome version 68.0.3440.91 (code 344009152)
08-30 11:12:02.984  9996  9996 I StreamRenderer: cleanUpRendererScope(nowcards-3413173575465962410)
08-30 11:12:02.986  9996 12966 I PBSessionCacheImpl: Deleted sessionId[565111764932] from persistence.
08-30 11:12:02.989  9996  9996 W SearchServiceCore: Abort, client detached.
08-30 11:12:02.989  9996  9996 I StreamController: cleanUpControllerScope(nowcards-3413173575465962410)
08-30 11:12:03.007  9996 16293 I WorkController: WorkProxy is not enqueued because WorkController is disposed: WorkProxy{Name=context::i, WorkerId=context, id=2ab0b44}
08-30 11:12:03.007  9996 16293 I WorkController: WorkProxy is not enqueued because WorkController is disposed: WorkProxy{Name=context::k, WorkerId=context, id=adab42d}
08-30 11:12:03.007  9996 16293 I WorkController: WorkProxy is not enqueued because WorkController is disposed: WorkProxy{Name=context::l, WorkerId=context, id=9d29d62}
08-30 11:12:03.007  9996 16293 I WorkController: WorkProxy is not enqueued because WorkController is disposed: WorkProxy{Name=context::j, WorkerId=context, id=66d0ef3}
08-30 11:12:03.007  9996 16293 I WorkController: WorkProxy is not enqueued because WorkController is disposed: WorkProxy{Name=context::n, WorkerId=context, id=9ef97b0}
08-30 11:12:03.023 16747 16747 I cr_LibraryLoader: Time to load native libraries: 5 ms (timestamps 3913-3918)
08-30 11:12:03.041  9462 16504 E WakeLock: CMWakeLock was already released!
08-30 11:12:03.041  9462 16504 E WakeLock: java.lang.RuntimeException: WakeLock under-locked CMWakeLock
08-30 11:12:03.041  9462 16504 E WakeLock: 	at android.os.PowerManager$WakeLock.release(PowerManager.java:1502)
08-30 11:12:03.041  9462 16504 E WakeLock: 	at android.os.PowerManager$WakeLock.release(PowerManager.java:1462)
08-30 11:12:03.041  9462 16504 E WakeLock: 	at amvo.a(:com.google.android.gms@12878025@12.8.78 (040408-209461520):4)
08-30 11:12:03.041  9462 16504 E WakeLock: 	at amvo.c(:com.google.android.gms@12878025@12.8.78 (040408-209461520):3)
08-30 11:12:03.041  9462 16504 E WakeLock: 	at amvo.b(:com.google.android.gms@12878025@12.8.78 (040408-209461520):9)
08-30 11:12:03.041  9462 16504 E WakeLock: 	at dpx.a(:com.google.android.gms@12878025@12.8.78 (040408-209461520):10)
08-30 11:12:03.041  9462 16504 E WakeLock: 	at dpx.handleMessage(:com.google.android.gms@12878025@12.8.78 (040408-209461520):4)
08-30 11:12:03.041  9462 16504 E WakeLock: 	at pmn.run(:com.google.android.gms@12878025@12.8.78 (040408-209461520):6)
08-30 11:12:03.041  9462 16504 E WakeLock: 	at pmz.run(:com.google.android.gms@12878025@12.8.78 (040408-209461520):28)
08-30 11:12:03.041  9462 16504 E WakeLock: 	at java.util.concurrent.ThreadPoolExecutor.runWorker(ThreadPoolExecutor.java:1162)
08-30 11:12:03.041  9462 16504 E WakeLock: 	at java.util.concurrent.ThreadPoolExecutor$Worker.run(ThreadPoolExecutor.java:636)
08-30 11:12:03.041  9462 16504 E WakeLock: 	at ptb.run(Unknown Source:7)
08-30 11:12:03.041  9462 16504 E WakeLock: 	at java.lang.Thread.run(Thread.java:764)
08-30 11:12:03.046  9462 16723 E WakeLock: CMWakeLock was already released!
08-30 11:12:03.046  9462 16723 E WakeLock: java.lang.RuntimeException: WakeLock under-locked CMWakeLock
08-30 11:12:03.046  9462 16723 E WakeLock: 	at android.os.PowerManager$WakeLock.release(PowerManager.java:1502)
08-30 11:12:03.046  9462 16723 E WakeLock: 	at android.os.PowerManager$WakeLock.release(PowerManager.java:1462)
08-30 11:12:03.046  9462 16723 E WakeLock: 	at amvo.a(:com.google.android.gms@12878025@12.8.78 (040408-209461520):4)
08-30 11:12:03.046  9462 16723 E WakeLock: 	at amvo.c(:com.google.android.gms@12878025@12.8.78 (040408-209461520):3)
08-30 11:12:03.046  9462 16723 E WakeLock: 	at amvo.b(:com.google.android.gms@12878025@12.8.78 (040408-209461520):9)
08-30 11:12:03.046  9462 16723 E WakeLock: 	at dpx.a(:com.google.android.gms@12878025@12.8.78 (040408-209461520):10)
08-30 11:12:03.046  9462 16723 E WakeLock: 	at dpx.handleMessage(:com.google.android.gms@12878025@12.8.78 (040408-209461520):4)
08-30 11:12:03.046  9462 16723 E WakeLock: 	at pmn.run(:com.google.android.gms@12878025@12.8.78 (040408-209461520):6)
08-30 11:12:03.046  9462 16723 E WakeLock: 	at pmz.run(:com.google.android.gms@12878025@12.8.78 (040408-209461520):28)
08-30 11:12:03.046  9462 16723 E WakeLock: 	at java.util.concurrent.ThreadPoolExecutor.runWorker(ThreadPoolExecutor.java:1162)
08-30 11:12:03.046  9462 16723 E WakeLock: 	at java.util.concurrent.ThreadPoolExecutor$Worker.run(ThreadPoolExecutor.java:636)
08-30 11:12:03.046  9462 16723 E WakeLock: 	at ptb.run(Unknown Source:7)
08-30 11:12:03.046  9462 16723 E WakeLock: 	at java.lang.Thread.run(Thread.java:764)
08-30 11:12:03.053 16747 16767 E cr_VariationsUtils: Failed reading seed file "/data/user/0/com.ombarus.dicethrow/app_webview/variations_seed_new": /data/user/0/com.ombarus.dicethrow/app_webview/variations_seed_new (No such file or directory)
08-30 11:12:03.055  9462 16504 E WakeLock: CMWakeLock was already released!
08-30 11:12:03.055  9462 16504 E WakeLock: java.lang.RuntimeException: WakeLock under-locked CMWakeLock
08-30 11:12:03.055  9462 16504 E WakeLock: 	at android.os.PowerManager$WakeLock.release(PowerManager.java:1502)
08-30 11:12:03.055  9462 16504 E WakeLock: 	at android.os.PowerManager$WakeLock.release(PowerManager.java:1462)
08-30 11:12:03.055  9462 16504 E WakeLock: 	at amvo.a(:com.google.android.gms@12878025@12.8.78 (040408-209461520):4)
08-30 11:12:03.055  9462 16504 E WakeLock: 	at amvo.c(:com.google.android.gms@12878025@12.8.78 (040408-209461520):3)
08-30 11:12:03.055  9462 16504 E WakeLock: 	at amvo.b(:com.google.android.gms@12878025@12.8.78 (040408-209461520):9)
08-30 11:12:03.055  9462 16504 E WakeLock: 	at dpx.a(:com.google.android.gms@12878025@12.8.78 (040408-209461520):10)
08-30 11:12:03.055  9462 16504 E WakeLock: 	at dpx.handleMessage(:com.google.android.gms@12878025@12.8.78 (040408-209461520):4)
08-30 11:12:03.055  9462 16504 E WakeLock: 	at pmn.run(:com.google.android.gms@12878025@12.8.78 (040408-209461520):6)
08-30 11:12:03.055  9462 16504 E WakeLock: 	at pmz.run(:com.google.android.gms@12878025@12.8.78 (040408-209461520):28)
08-30 11:12:03.055  9462 16504 E WakeLock: 	at java.util.concurrent.ThreadPoolExecutor.runWorker(ThreadPoolExecutor.java:1162)
08-30 11:12:03.055  9462 16504 E WakeLock: 	at java.util.concurrent.ThreadPoolExecutor$Worker.run(ThreadPoolExecutor.java:636)
08-30 11:12:03.055  9462 16504 E WakeLock: 	at ptb.run(Unknown Source:7)
08-30 11:12:03.055  9462 16504 E WakeLock: 	at java.lang.Thread.run(Thread.java:764)
08-30 11:12:03.064 16747 16747 I chromium: [INFO:library_loader_hooks.cc(36)] Chromium logging enabled: level = 0, default verbosity = 0
08-30 11:12:03.065 16747 16747 I cr_LibraryLoader: Expected native library version number "68.0.3440.91", actual native library version number "68.0.3440.91"
08-30 11:12:03.075 16747 16768 W cr_ChildProcLH: Create a new ChildConnectionAllocator with package name = com.android.chrome, sandboxed = true
08-30 11:12:03.075  9462 10014 I Places  : ?: PlacesBleScanner stop()
08-30 11:12:03.081  9462  9462 I BeaconBle: ZERO_POWER is disabled.
08-30 11:12:03.081  9462  9462 I BeaconBle: 'L' hardware scan: scan stopped, no powered clients
08-30 11:12:03.081  9462  9462 I BeaconBle: Places requested to stop scan
08-30 11:12:03.081 16747 16747 I cr_BrowserStartup: Initializing chromium process, singleProcess=false
08-30 11:12:03.081  9462  9462 I BeaconBle: Scan canceled successfully.
08-30 11:12:03.083 16747 16747 I cr_base : Android Locale: fr_CA requires .pak files: [fr]
08-30 11:12:03.086 16747 16747 W ResourceType: Failure getting entry for 0x7f1204a3 (t=17 e=1187) (error -2147483647)
08-30 11:12:03.088  9462 10014 I PlaceInferenceEngine: [anon] Changed inference mode: 0
08-30 11:12:03.088  9462 10014 I PlaceInferenceEngine: [account#1773329674] Changed inference mode: 0
08-30 11:12:03.097 16772 16772 E /system/bin/webview_zygote32: failed to make and chown /acct/uid_99068: Permission denied
08-30 11:12:03.097 16772 16772 E Zygote  : createProcessGroup(99068, 0) failed: Permission denied
08-30 11:12:03.100 16772 16772 W /system/bin/webview_zygote32: Using default instruction set features for ARM CPU variant (cortex-a9) using conservative defaults
08-30 11:12:03.104  1663  2452 I ActivityManager: Start proc 16772:com.android.chrome:sandboxed_process0/u0i68 for webview_service com.ombarus.dicethrow/org.chromium.content.app.SandboxedProcessService0
08-30 11:12:03.107  1663  1681 D CompatibilityInfo: mCompatibilityFlags - 0
08-30 11:12:03.107  1663  1681 D CompatibilityInfo: applicationDensity - 480
08-30 11:12:03.108  1663  1681 D CompatibilityInfo: applicationScale - 1.0
08-30 11:12:03.126 16747 16747 I chromium: [INFO:aw_field_trial_creator.cc(52)] First-WebView-Experiment found, group=Control
08-30 11:12:03.134  9462  9711 E WakeLock: GCoreFlp was already released!
08-30 11:12:03.134  9462  9711 E WakeLock: java.lang.RuntimeException: WakeLock under-locked GCoreFlp
08-30 11:12:03.134  9462  9711 E WakeLock: 	at android.os.PowerManager$WakeLock.release(PowerManager.java:1502)
08-30 11:12:03.134  9462  9711 E WakeLock: 	at android.os.PowerManager$WakeLock.release(PowerManager.java:1462)
08-30 11:12:03.134  9462  9711 E WakeLock: 	at amvo.a(:com.google.android.gms@12878025@12.8.78 (040408-209461520):4)
08-30 11:12:03.134  9462  9711 E WakeLock: 	at amvo.c(:com.google.android.gms@12878025@12.8.78 (040408-209461520):3)
08-30 11:12:03.134  9462  9711 E WakeLock: 	at amvo.b(:com.google.android.gms@12878025@12.8.78 (040408-209461520):9)
08-30 11:12:03.134  9462  9711 E WakeLock: 	at ayml.dispatchMessage(:com.google.android.gms@12878025@12.8.78 (040408-209461520):15)
08-30 11:12:03.134  9462  9711 E WakeLock: 	at android.os.Looper.loop(Looper.java:251)
08-30 11:12:03.134  9462  9711 E WakeLock: 	at android.os.HandlerThread.run(HandlerThread.java:65)
08-30 11:12:03.137 16772 16772 I SamplingProfilerIntegration: Profiling disabled.
08-30 11:12:03.141  1663  2452 D CompatibilityInfo: mCompatibilityFlags - 0
08-30 11:12:03.141  1663  2452 D CompatibilityInfo: applicationDensity - 480
08-30 11:12:03.141  1663  2452 D CompatibilityInfo: applicationScale - 1.0
08-30 11:12:03.147  1663  2452 D CompatibilityInfo: mCompatibilityFlags - 0
08-30 11:12:03.147  1663  2452 D CompatibilityInfo: applicationDensity - 480
08-30 11:12:03.148  1663  2452 D CompatibilityInfo: applicationScale - 1.0
08-30 11:12:03.151  1663  1681 D CompatibilityInfo: mCompatibilityFlags - 10
08-30 11:12:03.151  1663  1681 D CompatibilityInfo: applicationDensity - 480
08-30 11:12:03.151  1663  1681 D CompatibilityInfo: applicationScale - 1.0
08-30 11:12:03.159 16747 16747 I zygote64: Rejecting re-init on previously-failed class java.lang.Class<ul>: java.lang.NoClassDefFoundError: Failed resolution of: Landroid/webkit/SafeBrowsingResponse;
08-30 11:12:03.159 16747 16747 I zygote64:   at xf com.android.webview.chromium.WebViewChromiumFactoryProvider.a(android.webkit.WebView, android.content.Context) (SourceFile:209)
08-30 11:12:03.159 16747 16747 I zygote64:   at void com.android.webview.chromium.WebViewChromium.init(java.util.Map, boolean) (SourceFile:63)
08-30 11:12:03.159 16747 16747 I zygote64:   at void android.webkit.WebView.<init>(android.content.Context, android.util.AttributeSet, int, int, java.util.Map, boolean) (WebView.java:651)
08-30 11:12:03.159 16747 16747 I zygote64:   at void android.webkit.WebView.<init>(android.content.Context, android.util.AttributeSet, int, int) (WebView.java:581)
08-30 11:12:03.159 16747 16747 I zygote64:   at void android.webkit.WebView.<init>(android.content.Context, android.util.AttributeSet, int) (WebView.java:564)
08-30 11:12:03.159 16747 16747 I zygote64:   at void android.webkit.WebView.<init>(android.content.Context, android.util.AttributeSet) (WebView.java:551)
08-30 11:12:03.159 16747 16747 I zygote64:   at void org.apache.cordova.engine.SystemWebView.<init>(android.content.Context, android.util.AttributeSet) (SystemWebView.java:47)
08-30 11:12:03.159 16747 16747 I zygote64:   at void org.apache.cordova.engine.SystemWebView.<init>(android.content.Context) (SystemWebView.java:43)
08-30 11:12:03.159 16747 16747 I zygote64:   at void org.apache.cordova.engine.SystemWebViewEngine.<init>(android.content.Context, org.apache.cordova.CordovaPreferences) (SystemWebViewEngine.java:76)
08-30 11:12:03.159 16747 16747 I zygote64:   at java.lang.Object java.lang.reflect.Constructor.newInstance0(java.lang.Object[]) (Constructor.java:-2)
08-30 11:12:03.159 16747 16747 I zygote64:   at java.lang.Object java.lang.reflect.Constructor.newInstance(java.lang.Object[]) (Constructor.java:334)
08-30 11:12:03.159 16747 16747 I zygote64:   at org.apache.cordova.CordovaWebViewEngine org.apache.cordova.CordovaWebViewImpl.createEngine(android.content.Context, org.apache.cordova.CordovaPreferences) (CordovaWebViewImpl.java:80)
08-30 11:12:03.159 16747 16747 I zygote64:   at org.apache.cordova.CordovaWebViewEngine org.apache.cordova.CordovaActivity.makeWebViewEngine() (CordovaActivity.java:206)
08-30 11:12:03.159 16747 16747 I zygote64:   at org.apache.cordova.CordovaWebView org.apache.cordova.CordovaActivity.makeWebView() (CordovaActivity.java:202)
08-30 11:12:03.159 16747 16747 I zygote64:   at void org.apache.cordova.CordovaActivity.init() (CordovaActivity.java:146)
08-30 11:12:03.159 16747 16747 I zygote64:   at void org.apache.cordova.CordovaActivity.loadUrl(java.lang.String) (CordovaActivity.java:224)
08-30 11:12:03.159 16747 16747 I zygote64:   at void com.ombarus.dicethrow.MainActivity.onCreate(android.os.Bundle) (MainActivity.java:39)
08-30 11:12:03.159 16747 16747 I zygote64:   at void android.app.Activity.performCreate(android.os.Bundle) (Activity.java:6975)
08-30 11:12:03.159 16747 16747 I zygote64:   at void android.app.Instrumentation.callActivityOnCreate(android.app.Activity, android.os.Bundle) (Instrumentation.java:1214)
08-30 11:12:03.159 16747 16747 I zygote64:   at android.app.Activity android.app.ActivityThread.performLaunchActivity(android.app.ActivityThread$ActivityClientRecord, android.content.Intent) (ActivityThread.java:2775)
08-30 11:12:03.159 16747 16747 I zygote64:   at void android.app.ActivityThread.handleLaunchActivity(android.app.ActivityThread$ActivityClientRecord, android.content.Intent, java.lang.String) (ActivityThread.java:2897)
08-30 11:12:03.159 16747 16747 I zygote64:   at void android.app.ActivityThread.-wrap11(android.app.ActivityThread, android.app.ActivityThread$ActivityClientRecord, android.content.Intent, java.lang.String) (ActivityThread.java:-1)
08-30 11:12:03.159 16747 16747 I zygote64:   at void android.app.ActivityThread$H.handleMessage(android.os.Message) (ActivityThread.java:1598)
08-30 11:12:03.159 16747 16747 I zygote64:   at void android.os.Handler.dispatchMessage(android.os.Message) (Handler.java:105)
08-30 11:12:03.159 16747 16747 I zygote64:   at void android.os.Looper.loop() (Looper.java:251)
08-30 11:12:03.159 16747 16747 I zygote64:   at void android.app.ActivityThread.main(java.lang.String[]) (ActivityThread.java:6572)
08-30 11:12:03.159 16747 16747 I zygote64:   at java.lang.Object java.lang.reflect.Method.invoke(java.lang.Object, java.lang.Object[]) (Method.java:-2)
08-30 11:12:03.159 16747 16747 I zygote64:   at void com.android.internal.os.Zygote$MethodAndArgsCaller.run() (Zygote.java:240)
08-30 11:12:03.159 16747 16747 I zygote64:   at void com.android.internal.os.ZygoteInit.main(java.lang.String[]) (ZygoteInit.java:767)
08-30 11:12:03.159 16747 16747 I zygote64: Caused by: java.lang.ClassNotFoundException: Didn't find class "android.webkit.SafeBrowsingResponse" on path: DexPathList[[zip file "/data/app/com.android.chrome-qAxIIukKGq-x3jlR0iMjuA==/base.apk"],nativeLibraryDirectories=[/data/app/com.android.chrome-qAxIIukKGq-x3jlR0iMjuA==/lib/arm64, /data/app/com.android.chrome-qAxIIukKGq-x3jlR0iMjuA==/base.apk!/lib/arm64-v8a, /system/lib64, /vendor/lib64]]
08-30 11:12:03.159 16747 16747 I zygote64:   at java.lang.Class dalvik.system.BaseDexClassLoader.findClass(java.lang.String) (BaseDexClassLoader.java:93)
08-30 11:12:03.159 16747 16747 I zygote64:   at java.lang.Class java.lang.ClassLoader.loadClass(java.lang.String, boolean) (ClassLoader.java:379)
08-30 11:12:03.159 16747 16747 I zygote64:   at java.lang.Class java.lang.ClassLoader.loadClass(java.lang.String) (ClassLoader.java:312)
08-30 11:12:03.159 16747 16747 I zygote64:   at xf com.android.webview.chromium.WebViewChromiumFactoryProvider.a(android.webkit.WebView, android.content.Context) (SourceFile:209)
08-30 11:12:03.159 16747 16747 I zygote64:   at void com.android.webview.chromium.WebViewChromium.init(java.util.Map, boolean) (SourceFile:63)
08-30 11:12:03.159 16747 16747 I zygote64:   at void android.webkit.WebView.<init>(android.content.Context, android.util.AttributeSet, int, int, java.util.Map, boolean) (WebView.java:651)
08-30 11:12:03.159 16747 16747 I zygote64:   at void android.webkit.WebView.<init>(android.content.Context, android.util.AttributeSet, int, int) (WebView.java:581)
08-30 11:12:03.159 16747 16747 I zygote64:   at void android.webkit.WebView.<init>(android.content.Context, android.util.AttributeSet, int) (WebView.java:564)
08-30 11:12:03.159 16747 16747 I zygote64:   at void android.webkit.WebView.<init>(android.content.Context, android.util.AttributeSet) (WebView.java:551)
08-30 11:12:03.159 16747 16747 I zygote64:   at void org.apache.cordova.engine.SystemWebView.<init>(android.content.Context, android.util.AttributeSet) (SystemWebView.java:47)
08-30 11:12:03.159 16747 16747 I zygote64:   at void org.apache.cordova.engine.SystemWebView.<init>(android.content.Context) (SystemWebView.java:43)
08-30 11:12:03.159 16747 16747 I zygote64:   at void org.apache.cordova.engine.SystemWebViewEngine.<init>(android.content.Context, org.apache.cordova.CordovaPreferences) (SystemWebViewEngine.java:76)
08-30 11:12:03.159 16747 16747 I zygote64:   at java.lang.Object java.lang.reflect.Constructor.newInstance0(java.lang.Object[]) (Constructor.java:-2)
08-30 11:12:03.159 16747 16747 I zygote64:   at java.lang.Object java.lang.reflect.Constructor.newInstance(java.lang.Object[]) (Constructor.java:334)
08-30 11:12:03.159 16747 16747 I zygote64:   at org.apache.cordova.CordovaWebViewEngine org.apache.cordova.CordovaWebViewImpl.createEngine(android.content.Context, org.apache.cordova.CordovaPreferences) (CordovaWebViewImpl.java:80)
08-30 11:12:03.159 16747 16747 I zygote64:   at org.apache.cordova.CordovaWebViewEngine org.apache.cordova.CordovaActivity.makeWebViewEngine() (CordovaActivity.java:206)
08-30 11:12:03.159 16747 16747 I zygote64:   at org.apache.cordova.CordovaWebView org.apache.cordova.CordovaActivity.makeWebView() (CordovaActivity.java:202)
08-30 11:12:03.159 16747 16747 I zygote64:   at void org.apache.cordova.CordovaActivity.init() (CordovaActivity.java:146)
08-30 11:12:03.159 16747 16747 I zygote64:   at void org.apache.cordova.CordovaActivity.loadUrl(java.lang.String) (CordovaActivity.java:224)
08-30 11:12:03.159 16747 16747 I zygote64:   at void com.ombarus.dicethrow.MainActivity.onCreate(android.os.Bundle) (MainActivity.java:39)
08-30 11:12:03.159 16747 16747 I zygote64:   at void android.app.Activity.performCreate(android.os.Bundle) (Activity.java:6975)
08-30 11:12:03.159 16747 16747 I zygote64:   at void android.app.Instrumentation.callActivityOnCreate(android.app.Activity, android.os.Bundle) (Instrumentation.java:1214)
08-30 11:12:03.159 16747 16747 I zygote64:   at android.app.Activity android.app.ActivityThread.performLaunchActivity(android.app.ActivityThread$ActivityClientRecord, android.content.Intent) (ActivityThread.java:2775)
08-30 11:12:03.159 16747 16747 I zygote64:   at void android.app.ActivityThread.handleLaunchActivity(android.app.ActivityThread$ActivityClientRecord, android.content.Intent, java.lang.String) (ActivityThread.java:2897)
08-30 11:12:03.159 16747 16747 I zygote64:   at void android.app.ActivityThread.-wrap11(android.app.ActivityThread, android.app.ActivityThread$ActivityClientRecord, android.content.Intent, java.lang.String) (ActivityThread.java:-1)
08-30 11:12:03.159 16747 16747 I zygote64:   at void android.app.ActivityThread$H.handleMessage(android.os.Message) (ActivityThread.java:1598)
08-30 11:12:03.159 16747 16747 I zygote64:   at void android.os.Handler.dispatchMessage(android.os.Message) (Handler.java:105)
08-30 11:12:03.159 16747 16747 I zygote64:   at void android.os.Looper.loop() (Looper.java:251)
08-30 11:12:03.159 16747 16747 I zygote64:   at void android.app.ActivityThread.main(java.lang.String[]) (ActivityThread.java:6572)
08-30 11:12:03.159 16747 16747 I zygote64:   at java.lang.Object java.lang.reflect.Method.invoke(java.lang.Object, java.lang.Object[]) (Method.java:-2)
08-30 11:12:03.159 16747 16747 I zygote64:   at void com.android.internal.os.Zygote$MethodAndArgsCaller.run() (Zygote.java:240)
08-30 11:12:03.159 16747 16747 I zygote64:   at void com.android.internal.os.ZygoteInit.main(java.lang.String[]) (ZygoteInit.java:767)
08-30 11:12:03.159 16747 16747 I zygote64: 
08-30 11:12:03.159 16747 16747 I zygote64: Rejecting re-init on previously-failed class java.lang.Class<ul>: java.lang.NoClassDefFoundError: Failed resolution of: Landroid/webkit/SafeBrowsingResponse;
08-30 11:12:03.159 16747 16747 I zygote64:   at xf com.android.webview.chromium.WebViewChromiumFactoryProvider.a(android.webkit.WebView, android.content.Context) (SourceFile:209)
08-30 11:12:03.159 16747 16747 I zygote64:   at void com.android.webview.chromium.WebViewChromium.init(java.util.Map, boolean) (SourceFile:63)
08-30 11:12:03.159 16747 16747 I zygote64:   at void android.webkit.WebView.<init>(android.content.Context, android.util.AttributeSet, int, int, java.util.Map, boolean) (WebView.java:651)
08-30 11:12:03.159 16747 16747 I zygote64:   at void android.webkit.WebView.<init>(android.content.Context, android.util.AttributeSet, int, int) (WebView.java:581)
08-30 11:12:03.159 16747 16747 I zygote64:   at void android.webkit.WebView.<init>(android.content.Context, android.util.AttributeSet, int) (WebView.java:564)
08-30 11:12:03.159 16747 16747 I zygote64:   at void android.webkit.WebView.<init>(android.content.Context, android.util.AttributeSet) (WebView.java:551)
08-30 11:12:03.159 16747 16747 I zygote64:   at void org.apache.cordova.engine.SystemWebView.<init>(android.content.Context, android.util.AttributeSet) (SystemWebView.java:47)
08-30 11:12:03.159 16747 16747 I zygote64:   at void org.apache.cordova.engine.SystemWebView.<init>(android.content.Context) (SystemWebView.java:43)
08-30 11:12:03.159 16747 16747 I zygote64:   at void org.apache.cordova.engine.SystemWebViewEngine.<init>(android.content.Context, org.apache.cordova.CordovaPreferences) (SystemWebViewEngine.java:76)
08-30 11:12:03.159 16747 16747 I zygote64:   at java.lang.Object java.lang.reflect.Constructor.newInstance0(java.lang.Object[]) (Constructor.java:-2)
08-30 11:12:03.159 16747 16747 I zygote64:   at java.lang.Object java.lang.reflect.Constructor.newInstance(java.lang.Object[]) (Constructor.java:334)
08-30 11:12:03.159 16747 16747 I zygote64:   at org.apache.cordova.CordovaWebViewEngine org.apache.cordova.CordovaWebViewImpl.createEngine(android.content.Context, org.apache.cordova.CordovaPreferences) (CordovaWebViewImpl.java:80)
08-30 11:12:03.159 16747 16747 I zygote64:   at org.apache.cordova.CordovaWebViewEngine org.apache.cordova.CordovaActivity.makeWebViewEngine() (CordovaActivity.java:206)
08-30 11:12:03.159 16747 16747 I zygote64:   at org.apache.cordova.CordovaWebView org.apache.cordova.CordovaActivity.makeWebView() (CordovaActivity.java:202)
08-30 11:12:03.159 16747 16747 I zygote64:   at void org.apache.cordova.CordovaActivity.init() (CordovaActivity.java:146)
08-30 11:12:03.159 16747 16747 I zygote64:   at void org.apache.cordova.CordovaActivity.loadUrl(java.lang.String) (CordovaActivity.java:224)
08-30 11:12:03.159 16747 16747 I zygote64:   at void com.ombarus.dicethrow.MainActivity.onCreate(android.os.Bundle) (MainActivity.java:39)
08-30 11:12:03.159 16747 16747 I zygote64:   at void android.app.Activity.performCreate(android.os.Bundle) (Activity.java:6975)
08-30 11:12:03.159 16747 16747 I zygote64:   at void android.app.Instrumentation.callActivityOnCreate(android.app.Activity, android.os.Bundle) (Instrumentation.java:1214)
08-30 11:12:03.159 16747 16747 I zygote64:   at android.app.Activity android.app.ActivityThread.performLaunchActivity(android.app.ActivityThread$ActivityClientRecord, android.content.Intent) (ActivityThread.java:2775)
08-30 11:12:03.159 16747 16747 I zygote64:   at void android.app.ActivityThread.handleLaunchActivity(android.app.ActivityThread$ActivityClientRecord, android.content.Intent, java.lang.String) (ActivityThread.java:2897)
08-30 11:12:03.159 16747 16747 I zygote64:   at void android.app.ActivityThread.-wrap11(android.app.ActivityThread, android.app.ActivityThread$ActivityClientRecord, android.content.Intent, java.lang.String) (ActivityThread.java:-1)
08-30 11:12:03.159 16747 16747 I zygote64:   at void android.app.ActivityThread$H.handleMessage(android.os.Message) (ActivityThread.java:1598)
08-30 11:12:03.159 16747 16747 I zygote64:   at void android.os.Handler.dispatchMessage(android.os.Message) (Handler.java:105)
08-30 11:12:03.159 16747 16747 I zygote64:   at void android.os.Looper.loop() (Looper.java:251)
08-30 11:12:03.159 16747 16747 I zygote64:   at void android.app.ActivityThread.main(java.lang.String[]) (ActivityThread.java:6572)
08-30 11:12:03.159 16747 16747 I zygote64:   at java.lang.Object java.lang.reflect.Method.invoke(java.lang.Object, java.lang.Object[]) (Method.java:-2)
08-30 11:12:03.159 16747 16747 I zygote64:   at void com.android.internal.os.Zygote$MethodAndArgsCaller.run() (Zygote.java:240)
08-30 11:12:03.159 16747 16747 I zygote64:   at void com.android.internal.os.ZygoteInit.main(java.lang.String[]) (ZygoteInit.java:767)
08-30 11:12:03.159 16747 16747 I zygote64: Caused by: java.lang.ClassNotFoundException: Didn't find class "android.webkit.SafeBrowsingResponse" on path: DexPathList[[zip file "/data/app/com.android.chrome-qAxIIukKGq-x3jlR0iMjuA==/base.apk"],nativeLibraryDirectories=[/data/app/com.android.chrome-qAxIIukKGq-x3jlR0iMjuA==/lib/arm64, /data/app/com.android.chrome-qAxIIukKGq-x3jlR0iMjuA==/base.apk!/lib/arm64-v8a, /system/lib64, /vendor/lib64]]
08-30 11:12:03.159 16747 16747 I zygote64:   at java.lang.Class dalvik.system.BaseDexClassLoader.findClass(java.lang.String) (BaseDexClassLoader.java:93)
08-30 11:12:03.160 16747 16747 I zygote64:   at java.lang.Class java.lang.ClassLoader.loadClass(java.lang.String, boolean) (ClassLoader.java:379)
08-30 11:12:03.160 16747 16747 I zygote64:   at java.lang.Class java.lang.ClassLoader.loadClass(java.lang.String) (ClassLoader.java:312)
08-30 11:12:03.160 16747 16747 I zygote64:   at xf com.android.webview.chromium.WebViewChromiumFactoryProvider.a(android.webkit.WebView, android.content.Context) (SourceFile:209)
08-30 11:12:03.160 16747 16747 I zygote64:   at void com.android.webview.chromium.WebViewChromium.init(java.util.Map, boolean) (SourceFile:63)
08-30 11:12:03.160 16747 16747 I zygote64:   at void android.webkit.WebView.<init>(android.content.Context, android.util.AttributeSet, int, int, java.util.Map, boolean) (WebView.java:651)
08-30 11:12:03.160 16747 16747 I zygote64:   at void android.webkit.WebView.<init>(android.content.Context, android.util.AttributeSet, int, int) (WebView.java:581)
08-30 11:12:03.160 16747 16747 I zygote64:   at void android.webkit.WebView.<init>(android.content.Context, android.util.AttributeSet, int) (WebView.java:564)
08-30 11:12:03.160 16747 16747 I zygote64:   at void android.webkit.WebView.<init>(android.content.Context, android.util.AttributeSet) (WebView.java:551)
08-30 11:12:03.160 16747 16747 I zygote64:   at void org.apache.cordova.engine.SystemWebView.<init>(android.content.Context, android.util.AttributeSet) (SystemWebView.java:47)
08-30 11:12:03.160 16747 16747 I zygote64:   at void org.apache.cordova.engine.SystemWebView.<init>(android.content.Context) (SystemWebView.java:43)
08-30 11:12:03.160 16747 16747 I zygote64:   at void org.apache.cordova.engine.SystemWebViewEngine.<init>(android.content.Context, org.apache.cordova.CordovaPreferences) (SystemWebViewEngine.java:76)
08-30 11:12:03.160 16747 16747 I zygote64:   at java.lang.Object java.lang.reflect.Constructor.newInstance0(java.lang.Object[]) (Constructor.java:-2)
08-30 11:12:03.160 16747 16747 I zygote64:   at java.lang.Object java.lang.reflect.Constructor.newInstance(java.lang.Object[]) (Constructor.java:334)
08-30 11:12:03.160 16747 16747 I zygote64:   at org.apache.cordova.CordovaWebViewEngine org.apache.cordova.CordovaWebViewImpl.createEngine(android.content.Context, org.apache.cordova.CordovaPreferences) (CordovaWebViewImpl.java:80)
08-30 11:12:03.160 16747 16747 I zygote64:   at org.apache.cordova.CordovaWebViewEngine org.apache.cordova.CordovaActivity.makeWebViewEngine() (CordovaActivity.java:206)
08-30 11:12:03.160 16747 16747 I zygote64:   at org.apache.cordova.CordovaWebView org.apache.cordova.CordovaActivity.makeWebView() (CordovaActivity.java:202)
08-30 11:12:03.160 16747 16747 I zygote64:   at void org.apache.cordova.CordovaActivity.init() (CordovaActivity.java:146)
08-30 11:12:03.160 16747 16747 I zygote64:   at void org.apache.cordova.CordovaActivity.loadUrl(java.lang.String) (CordovaActivity.java:224)
08-30 11:12:03.160 16747 16747 I zygote64:   at void com.ombarus.dicethrow.MainActivity.onCreate(android.os.Bundle) (MainActivity.java:39)
08-30 11:12:03.160 16747 16747 I zygote64:   at void android.app.Activity.performCreate(android.os.Bundle) (Activity.java:6975)
08-30 11:12:03.160 16747 16747 I zygote64:   at void android.app.Instrumentation.callActivityOnCreate(android.app.Activity, android.os.Bundle) (Instrumentation.java:1214)
08-30 11:12:03.160 16747 16747 I zygote64:   at android.app.Activity android.app.ActivityThread.performLaunchActivity(android.app.ActivityThread$ActivityClientRecord, android.content.Intent) (ActivityThread.java:2775)
08-30 11:12:03.160 16747 16747 I zygote64:   at void android.app.ActivityThread.handleLaunchActivity(android.app.ActivityThread$ActivityClientRecord, android.content.Intent, java.lang.String) (ActivityThread.java:2897)
08-30 11:12:03.160 16747 16747 I zygote64:   at void android.app.ActivityThread.-wrap11(android.app.ActivityThread, android.app.ActivityThread$ActivityClientRecord, android.content.Intent, java.lang.String) (ActivityThread.java:-1)
08-30 11:12:03.160 16747 16747 I zygote64:   at void android.app.ActivityThread$H.handleMessage(android.os.Message) (ActivityThread.java:1598)
08-30 11:12:03.160 16747 16747 I zygote64:   at void android.os.Handler.dispatchMessage(android.os.Message) (Handler.java:105)
08-30 11:12:03.160 16747 16747 I zygote64:   at void android.os.Looper.loop() (Looper.java:251)
08-30 11:12:03.160 16747 16747 I zygote64:   at void android.app.ActivityThread.main(java.lang.String[]) (ActivityThread.java:6572)
08-30 11:12:03.160 16747 16747 I zygote64:   at java.lang.Object java.lang.reflect.Method.invoke(java.lang.Object, java.lang.Object[]) (Method.java:-2)
08-30 11:12:03.160 16747 16747 I zygote64:   at void com.android.internal.os.Zygote$MethodAndArgsCaller.run() (Zygote.java:240)
08-30 11:12:03.160 16747 16747 I zygote64:   at void com.android.internal.os.ZygoteInit.main(java.lang.String[]) (ZygoteInit.java:767)
08-30 11:12:03.160 16747 16747 I zygote64: 
08-30 11:12:03.160 16747 16747 I zygote64: Rejecting re-init on previously-failed class java.lang.Class<ul>: java.lang.NoClassDefFoundError: Failed resolution of: Landroid/webkit/SafeBrowsingResponse;
08-30 11:12:03.160 16747 16747 I zygote64:   at xf com.android.webview.chromium.WebViewChromiumFactoryProvider.a(android.webkit.WebView, android.content.Context) (SourceFile:209)
08-30 11:12:03.160 16747 16747 I zygote64:   at void com.android.webview.chromium.WebViewChromium.init(java.util.Map, boolean) (SourceFile:63)
08-30 11:12:03.160 16747 16747 I zygote64:   at void android.webkit.WebView.<init>(android.content.Context, android.util.AttributeSet, int, int, java.util.Map, boolean) (WebView.java:651)
08-30 11:12:03.160 16747 16747 I zygote64:   at void android.webkit.WebView.<init>(android.content.Context, android.util.AttributeSet, int, int) (WebView.java:581)
08-30 11:12:03.160 16747 16747 I zygote64:   at void android.webkit.WebView.<init>(android.content.Context, android.util.AttributeSet, int) (WebView.java:564)
08-30 11:12:03.160 16747 16747 I zygote64:   at void android.webkit.WebView.<init>(android.content.Context, android.util.AttributeSet) (WebView.java:551)
08-30 11:12:03.160 16747 16747 I zygote64:   at void org.apache.cordova.engine.SystemWebView.<init>(android.content.Context, android.util.AttributeSet) (SystemWebView.java:47)
08-30 11:12:03.160 16747 16747 I zygote64:   at void org.apache.cordova.engine.SystemWebView.<init>(android.content.Context) (SystemWebView.java:43)
08-30 11:12:03.160 16747 16747 I zygote64:   at void org.apache.cordova.engine.SystemWebViewEngine.<init>(android.content.Context, org.apache.cordova.CordovaPreferences) (SystemWebViewEngine.java:76)
08-30 11:12:03.160 16747 16747 I zygote64:   at java.lang.Object java.lang.reflect.Constructor.newInstance0(java.lang.Object[]) (Constructor.java:-2)
08-30 11:12:03.160 16747 16747 I zygote64:   at java.lang.Object java.lang.reflect.Constructor.newInstance(java.lang.Object[]) (Constructor.java:334)
08-30 11:12:03.160 16747 16747 I zygote64:   at org.apache.cordova.CordovaWebViewEngine org.apache.cordova.CordovaWebViewImpl.createEngine(android.content.Context, org.apache.cordova.CordovaPreferences) (CordovaWebViewImpl.java:80)
08-30 11:12:03.160 16747 16747 I zygote64:   at org.apache.cordova.CordovaWebViewEngine org.apache.cordova.CordovaActivity.makeWebViewEngine() (CordovaActivity.java:206)
08-30 11:12:03.160 16747 16747 I zygote64:   at org.apache.cordova.CordovaWebView org.apache.cordova.CordovaActivity.makeWebView() (CordovaActivity.java:202)
08-30 11:12:03.160 16747 16747 I zygote64:   at void org.apache.cordova.CordovaActivity.init() (CordovaActivity.java:146)
08-30 11:12:03.160 16747 16747 I zygote64:   at void org.apache.cordova.CordovaActivity.loadUrl(java.lang.String) (CordovaActivity.java:224)
08-30 11:12:03.160 16747 16747 I zygote64:   at void com.ombarus.dicethrow.MainActivity.onCreate(android.os.Bundle) (MainActivity.java:39)
08-30 11:12:03.160 16747 16747 I zygote64:   at void android.app.Activity.performCreate(android.os.Bundle) (Activity.java:6975)
08-30 11:12:03.160 16747 16747 I zygote64:   at void android.app.Instrumentation.callActivityOnCreate(android.app.Activity, android.os.Bundle) (Instrumentation.java:1214)
08-30 11:12:03.160 16747 16747 I zygote64:   at android.app.Activity android.app.ActivityThread.performLaunchActivity(android.app.ActivityThread$ActivityClientRecord, android.content.Intent) (ActivityThread.java:2775)
08-30 11:12:03.160 16747 16747 I zygote64:   at void android.app.ActivityThread.handleLaunchActivity(android.app.ActivityThread$ActivityClientRecord, android.content.Intent, java.lang.String) (ActivityThread.java:2897)
08-30 11:12:03.160 16747 16747 I zygote64:   at void android.app.ActivityThread.-wrap11(android.app.ActivityThread, android.app.ActivityThread$ActivityClientRecord, android.content.Intent, java.lang.String) (ActivityThread.java:-1)
08-30 11:12:03.160 16747 16747 I zygote64:   at void android.app.ActivityThread$H.handleMessage(android.os.Message) (ActivityThread.java:1598)
08-30 11:12:03.160 16747 16747 I zygote64:   at void android.os.Handler.dispatchMessage(android.os.Message) (Handler.java:105)
08-30 11:12:03.160 16747 16747 I zygote64:   at void android.os.Looper.loop() (Looper.java:251)
08-30 11:12:03.160 16747 16747 I zygote64:   at void android.app.ActivityThread.main(java.lang.String[]) (ActivityThread.java:6572)
08-30 11:12:03.160 16747 16747 I zygote64:   at java.lang.Object java.lang.reflect.Method.invoke(java.lang.Object, java.lang.Object[]) (Method.java:-2)
08-30 11:12:03.160 16747 16747 I zygote64:   at void com.android.internal.os.Zygote$MethodAndArgsCaller.run() (Zygote.java:240)
08-30 11:12:03.160 16747 16747 I zygote64:   at void com.android.internal.os.ZygoteInit.main(java.lang.String[]) (ZygoteInit.java:767)
08-30 11:12:03.160 16747 16747 I zygote64: Caused by: java.lang.ClassNotFoundException: Didn't find class "android.webkit.SafeBrowsingResponse" on path: DexPathList[[zip file "/data/app/com.android.chrome-qAxIIukKGq-x3jlR0iMjuA==/base.apk"],nativeLibraryDirectories=[/data/app/com.android.chrome-qAxIIukKGq-x3jlR0iMjuA==/lib/arm64, /data/app/com.android.chrome-qAxIIukKGq-x3jlR0iMjuA==/base.apk!/lib/arm64-v8a, /system/lib64, /vendor/lib64]]
08-30 11:12:03.160 16747 16747 I zygote64:   at java.lang.Class dalvik.system.BaseDexClassLoader.findClass(java.lang.String) (BaseDexClassLoader.java:93)
08-30 11:12:03.160 16747 16747 I zygote64:   at java.lang.Class java.lang.ClassLoader.loadClass(java.lang.String, boolean) (ClassLoader.java:379)
08-30 11:12:03.265 16747 16747 W Chrome_InProcGp: type=1400 audit(0.0:1408655): avc: denied { search } for name="proc" dev="debugfs" ino=17300 scontext=u:r:untrusted_app:s0:c512,c768 tcontext=u:object_r:qti_debugfs:s0 tclass=dir permissive=0 ppid=771 pcomm="main" pgid=16747 pgcomm="barus.dicethrow"
08-30 11:12:03.160 16747 16747 I zygote64:   at java.lang.Class java.lang.ClassLoader.loadClass(java.lang.String) (ClassLoader.java:312)
08-30 11:12:03.160 16747 16747 I zygote64:   at xf com.android.webview.chromium.WebViewChromiumFactoryProvider.a(android.webkit.WebView, android.content.Context) (SourceFile:209)
08-30 11:12:03.160 16747 16747 I zygote64:   at void com.android.webview.chromium.WebViewChromium.init(java.util.Map, boolean) (SourceFile:63)
08-30 11:12:03.160 16747 16747 I zygote64:   at void android.webkit.WebView.<init>(android.content.Context, android.util.AttributeSet, int, int, java.util.Map, boolean) (WebView.java:651)
08-30 11:12:03.265 16747 16747 W Chrome_InProcGp: type=1400 audit(0.0:1408655): avc: denied { search } for name="proc" dev="debugfs" ino=17300 scontext=u:r:untrusted_app:s0:c512,c768 tcontext=u:object_r:qti_debugfs:s0 tclass=dir permissive=0 ppid=771 pcomm="main" pgid=16747 pgcomm="barus.dicethrow"
08-30 11:12:03.160 16747 16747 I zygote64:   at void android.webkit.WebView.<init>(android.content.Context, android.util.AttributeSet, int, int) (WebView.java:581)
08-30 11:12:03.160 16747 16747 I zygote64:   at void android.webkit.WebView.<init>(android.content.Context, android.util.AttributeSet, int) (WebView.java:564)
08-30 11:12:03.160 16747 16747 I zygote64:   at void android.webkit.WebView.<init>(android.content.Context, android.util.AttributeSet) (WebView.java:551)
08-30 11:12:03.265 16747 16747 W Chrome_InProcGp: type=1400 audit(0.0:1408655): avc: denied { search } for name="proc" dev="debugfs" ino=17300 scontext=u:r:untrusted_app:s0:c512,c768 tcontext=u:object_r:qti_debugfs:s0 tclass=dir permissive=0 ppid=771 pcomm="main" pgid=16747 pgcomm="barus.dicethrow"
08-30 11:12:03.160 16747 16747 I zygote64:   at void org.apache.cordova.engine.SystemWebView.<init>(android.content.Context, android.util.AttributeSet) (SystemWebView.java:47)
08-30 11:12:03.160 16747 16747 I zygote64:   at void org.apache.cordova.engine.SystemWebView.<init>(android.content.Context) (SystemWebView.java:43)
08-30 11:12:03.160 16747 16747 I zygote64:   at void org.apache.cordova.engine.SystemWebViewEngine.<init>(android.content.Context, org.apache.cordova.CordovaPreferences) (SystemWebViewEngine.java:76)
08-30 11:12:03.160 16747 16747 I zygote64:   at java.lang.Object java.lang.reflect.Constructor.newInstance0(java.lang.Object[]) (Constructor.java:-2)
08-30 11:12:03.265 16747 16747 W Chrome_InProcGp: type=1400 audit(0.0:1408655): avc: denied { search } for name="proc" dev="debugfs" ino=17300 scontext=u:r:untrusted_app:s0:c512,c768 tcontext=u:object_r:qti_debugfs:s0 tclass=dir permissive=0 ppid=771 pcomm="main" pgid=16747 pgcomm="barus.dicethrow"
08-30 11:12:03.160 16747 16747 I zygote64:   at java.lang.Object java.lang.reflect.Constructor.newInstance(java.lang.Object[]) (Constructor.java:334)
08-30 11:12:03.160 16747 16747 I zygote64:   at org.apache.cordova.CordovaWebViewEngine org.apache.cordova.CordovaWebViewImpl.createEngine(android.content.Context, org.apache.cordova.CordovaPreferences) (CordovaWebViewImpl.java:80)
08-30 11:12:03.265 16747 16747 W Chrome_InProcGp: type=1400 audit(0.0:1408655): avc: denied { search } for name="proc" dev="debugfs" ino=17300 scontext=u:r:untrusted_app:s0:c512,c768 tcontext=u:object_r:qti_debugfs:s0 tclass=dir permissive=0 ppid=771 pcomm="main" pgid=16747 pgcomm="barus.dicethrow"
08-30 11:12:03.160 16747 16747 I zygote64:   at org.apache.cordova.CordovaWebViewEngine org.apache.cordova.CordovaActivity.makeWebViewEngine() (CordovaActivity.java:206)
08-30 11:12:03.160 16747 16747 I zygote64:   at org.apache.cordova.CordovaWebView org.apache.cordova.CordovaActivity.makeWebView() (CordovaActivity.java:202)
08-30 11:12:03.160 16747 16747 I zygote64:   at void org.apache.cordova.CordovaActivity.init() (CordovaActivity.java:146)
08-30 11:12:03.160 16747 16747 I zygote64:   at void org.apache.cordova.CordovaActivity.loadUrl(java.lang.String) (CordovaActivity.java:224)
08-30 11:12:03.160 16747 16747 I zygote64:   at void com.ombarus.dicethrow.MainActivity.onCreate(android.os.Bundle) (MainActivity.java:39)
08-30 11:12:03.265 16747 16747 W Chrome_InProcGp: type=1400 audit(0.0:1408655): avc: denied { search } for name="proc" dev="debugfs" ino=17300 scontext=u:r:untrusted_app:s0:c512,c768 tcontext=u:object_r:qti_debugfs:s0 tclass=dir permissive=0 ppid=771 pcomm="main" pgid=16747 pgcomm="barus.dicethrow"
08-30 11:12:03.160 16747 16747 I zygote64:   at void android.app.Activity.performCreate(android.os.Bundle) (Activity.java:6975)
08-30 11:12:03.160 16747 16747 I zygote64:   at void android.app.Instrumentation.callActivityOnCreate(android.app.Activity, android.os.Bundle) (Instrumentation.java:1214)
08-30 11:12:03.160 16747 16747 I zygote64:   at android.app.Activity android.app.ActivityThread.performLaunchActivity(android.app.ActivityThread$ActivityClientRecord, android.content.Intent) (ActivityThread.java:2775)
08-30 11:12:03.160 16747 16747 I zygote64:   at void android.app.ActivityThread.handleLaunchActivity(android.app.ActivityThread$ActivityClientRecord, android.content.Intent, java.lang.String) (ActivityThread.java:2897)
08-30 11:12:03.265 16747 16747 W Chrome_InProcGp: type=1400 audit(0.0:1408655): avc: denied { search } for name="proc" dev="debugfs" ino=17300 scontext=u:r:untrusted_app:s0:c512,c768 tcontext=u:object_r:qti_debugfs:s0 tclass=dir permissive=0 ppid=771 pcomm="main" pgid=16747 pgcomm="barus.dicethrow"
08-30 11:12:03.160 16747 16747 I zygote64:   at void android.app.ActivityThread.-wrap11(android.app.ActivityThread, android.app.ActivityThread$ActivityClientRecord, android.content.Intent, java.lang.String) (ActivityThread.java:-1)
08-30 11:12:03.160 16747 16747 I zygote64:   at void android.app.ActivityThread$H.handleMessage(android.os.Message) (ActivityThread.java:1598)
08-30 11:12:03.160 16747 16747 I zygote64:   at void android.os.Handler.dispatchMessage(android.os.Message) (Handler.java:105)
08-30 11:12:03.160 16747 16747 I zygote64:   at void android.os.Looper.loop() (Looper.java:251)
08-30 11:12:03.160 16747 16747 I zygote64:   at void android.app.ActivityThread.main(java.lang.String[]) (ActivityThread.java:6572)
08-30 11:12:03.160 16747 16747 I zygote64:   at java.lang.Object java.lang.reflect.Method.invoke(java.lang.Object, java.lang.Object[]) (Method.java:-2)
08-30 11:12:03.160 16747 16747 I zygote64:   at void com.android.internal.os.Zygote$MethodAndArgsCaller.run() (Zygote.java:240)
08-30 11:12:03.265 16747 16747 W Chrome_InProcGp: type=1400 audit(0.0:1408655): avc: denied { search } for name="proc" dev="debugfs" ino=17300 scontext=u:r:untrusted_app:s0:c512,c768 tcontext=u:object_r:qti_debugfs:s0 tclass=dir permissive=0 ppid=771 pcomm="main" pgid=16747 pgcomm="barus.dicethrow"
08-30 11:12:03.160 16747 16747 I zygote64:   at void com.android.internal.os.ZygoteInit.main(java.lang.String[]) (ZygoteInit.java:767)
08-30 11:12:03.160 16747 16747 I zygote64: 
08-30 11:12:03.161  9462 16292 E WakeLock: CMWakeLock was already released!
08-30 11:12:03.161  9462 16292 E WakeLock: java.lang.RuntimeException: WakeLock under-locked CMWakeLock
08-30 11:12:03.161  9462 16292 E WakeLock: 	at android.os.PowerManager$WakeLock.release(PowerManager.java:1502)
08-30 11:12:03.161  9462 16292 E WakeLock: 	at android.os.PowerManager$WakeLock.release(PowerManager.java:1462)
08-30 11:12:03.161  9462 16292 E WakeLock: 	at amvo.a(:com.google.android.gms@12878025@12.8.78 (040408-209461520):4)
08-30 11:12:03.161  9462 16292 E WakeLock: 	at amvo.c(:com.google.android.gms@12878025@12.8.78 (040408-209461520):3)
08-30 11:12:03.161  9462 16292 E WakeLock: 	at amvo.b(:com.google.android.gms@12878025@12.8.78 (040408-209461520):9)
08-30 11:12:03.161  9462 16292 E WakeLock: 	at dpx.a(:com.google.android.gms@12878025@12.8.78 (040408-209461520):10)
08-30 11:12:03.161  9462 16292 E WakeLock: 	at dpx.handleMessage(:com.google.android.gms@12878025@12.8.78 (040408-209461520):4)
08-30 11:12:03.161  9462 16292 E WakeLock: 	at pmn.run(:com.google.android.gms@12878025@12.8.78 (040408-209461520):6)
08-30 11:12:03.161  9462 16292 E WakeLock: 	at pmz.run(:com.google.android.gms@12878025@12.8.78 (040408-209461520):28)
08-30 11:12:03.161  9462 16292 E WakeLock: 	at java.util.concurrent.ThreadPoolExecutor.runWorker(ThreadPoolExecutor.java:1162)
08-30 11:12:03.161  9462 16292 E WakeLock: 	at java.util.concurrent.ThreadPoolExecutor$Worker.run(ThreadPoolExecutor.java:636)
08-30 11:12:03.161  9462 16292 E WakeLock: 	at ptb.run(Unknown Source:7)
08-30 11:12:03.161  9462 16292 E WakeLock: 	at java.lang.Thread.run(Thread.java:764)
08-30 11:12:03.161 16801 16801 E asset   : setgid: Operation not permitted
08-30 11:12:03.190 16772 16772 I cr_ChildProcessService: Creating new ChildProcessService pid=16772
08-30 11:12:03.265 16747 16747 W Chrome_InProcGp: type=1400 audit(0.0:1408655): avc: denied { search } for name="proc" dev="debugfs" ino=17300 scontext=u:r:untrusted_app:s0:c512,c768 tcontext=u:object_r:qti_debugfs:s0 tclass=dir permissive=0 ppid=771 pcomm="main" pgid=16747 pgcomm="barus.dicethrow"
08-30 11:12:03.237 16747 16747 D SystemWebViewEngine: CordovaWebView is running on device made by: Sony
08-30 11:12:03.242 16747 16808 E chromium: [ERROR:devtools_http_handler.cc(292)] Cannot start http server for devtools. Stop devtools.
08-30 11:12:03.265 16747 16747 W Chrome_InProcGp: type=1400 audit(0.0:1408655): avc: denied { search } for name="proc" dev="debugfs" ino=17300 scontext=u:r:untrusted_app:s0:c512,c768 tcontext=u:object_r:qti_debugfs:s0 tclass=dir permissive=0 ppid=771 pcomm="main" pgid=16747 pgcomm="barus.dicethrow"
08-30 11:12:03.247 16747 16747 D PluginManager: init()
08-30 11:12:03.251 16747 16747 D CordovaWebViewImpl: >>> loadUrl(file:///android_asset/www/index.html)
08-30 11:12:03.265 16747 16810 I Adreno  : QUALCOMM build                   : 3953ab1, Ib515ec08c2
08-30 11:12:03.265 16747 16810 I Adreno  : Build Date                       : 09/27/17
08-30 11:12:03.265 16747 16810 I Adreno  : OpenGL ES Shader Compiler Version: EV031.20.00.04
08-30 11:12:03.265 16747 16810 I Adreno  : Local Branch                     : 
08-30 11:12:03.265 16747 16810 I Adreno  : Remote Branch                    : refs/tags/AU_LINUX_ANDROID_LA.UM.6.4.R1.08.00.00.309.032
08-30 11:12:03.265 16747 16810 I Adreno  : Remote Branch                    : NONE
08-30 11:12:03.265 16747 16810 I Adreno  : Reconstruct Branch               : NOTHING
08-30 11:12:03.265 16747 16792 W cr_media: Requires BLUETOOTH permission
08-30 11:12:03.274 16747 16747 D CordovaActivity: Started the activity.
08-30 11:12:03.280 16747 16810 I Adreno  : PFP: 0x005ff087, ME: 0x005ff063
08-30 11:12:03.280 16747 16747 D CordovaActivity: Resumed the activity.
08-30 11:12:03.294 16747 16813 D OpenGLRenderer: HWUI GL Pipeline
08-30 11:12:03.303 16747 16747 D CordovaWebViewImpl: onPageDidNavigate(file:///android_asset/www/index.html)
08-30 11:12:03.319 16747 16810 W VideoCapabilities: Unrecognized profile 2130706433 for video/avc
08-30 11:12:03.319 16747 16810 W VideoCapabilities: Unrecognized profile 2130706434 for video/avc
08-30 11:12:03.323 16772 16804 I cr_LibraryLoader: Time to load native libraries: 0 ms (timestamps 4203-4203)
08-30 11:12:03.324 16772 16804 I chromium: [INFO:library_loader_hooks.cc(36)] Chromium logging enabled: level = 0, default verbosity = 0
08-30 11:12:03.324 16772 16804 I cr_LibraryLoader: Expected native library version number "68.0.3440.91", actual native library version number "68.0.3440.91"
08-30 11:12:03.328 16747 16810 W VideoCapabilities: Unrecognized profile 2130706433 for video/avc
08-30 11:12:03.328 16747 16810 W VideoCapabilities: Unrecognized profile 2130706434 for video/avc
08-30 11:12:03.330 16747 16810 W VideoCapabilities: Unrecognized profile 2130706433 for video/avc
08-30 11:12:03.330 16747 16810 W VideoCapabilities: Unrecognized profile 2130706434 for video/avc
08-30 11:12:03.334 16747 16810 W VideoCapabilities: Unrecognized profile/level 0/3 for video/mpeg2
08-30 11:12:03.335 16747 16810 W VideoCapabilities: Unrecognized profile/level 0/3 for video/mpeg2
08-30 11:12:03.348  1663  3441 I InputDispatcher: Focus entered window: Window{dd521c5 u0 com.ombarus.dicethrow/com.ombarus.dicethrow.MainActivity}
08-30 11:12:03.351 16747 16813 I OpenGLRenderer: Initialized EGL, version 1.4
08-30 11:12:03.351 16747 16813 D OpenGLRenderer: Swap behavior 2
08-30 11:12:03.357 16747 16810 W VideoCapabilities: Unsupported mime video/mp4v-esdp
08-30 11:12:03.362 16747 16810 W Utils   : could not parse long range '259-258'
08-30 11:12:03.374 16747 16810 I VideoCapabilities: Unsupported profile 4 for video/mp4v-es
08-30 11:12:03.417  1663  1688 I ActivityManager: Displayed com.ombarus.dicethrow/.MainActivity: +531ms
08-30 11:12:03.420  1663  1688 I Timeline: Timeline: Activity_windows_visible id: ActivityRecord{9ecf803 u0 com.ombarus.dicethrow/.MainActivity t541} time:670664316 diff:544 start:cold| batt:92|2 mw:off|1 mem:1059544|0|76|6|30 cpu:[1900800, 1900800, 1900800, 1900800, 2361600, 2361600, 2361600, 2361600]
08-30 11:12:03.428  1663  2452 D ActivityTrigger: ActivityTrigger activityStopTrigger 
08-30 11:12:03.431 16747 16765 W cr_CrashFileManager: /data/user/0/com.ombarus.dicethrow/cache/WebView/Crash Reports does not exist or is not a directory
08-30 11:12:03.687 16747 16753 I zygote64: Do partial code cache collection, code=29KB, data=26KB
08-30 11:12:03.687 16747 16753 I zygote64: After code cache collection, code=29KB, data=26KB
08-30 11:12:03.687 16747 16753 I zygote64: Increasing code cache capacity to 128KB
08-30 11:12:03.725 16747 16747 D CordovaWebViewImpl: onPageFinished(file:///android_asset/www/index.html)
08-30 11:12:04.122  9754  9774 E memtrack: Couldn't load memtrack module
08-30 11:12:04.123  9754  9774 W android.os.Debug: failed to get memory consumption info: -1
08-30 11:12:04.807   939  1021 E ANDR-PERF-OPTSHANDLER: Warning: Core control support not present for lock_min_cores on cluster 0 for this target
08-30 11:12:04.807   939  1021 E ANDR-PERF-RESOURCEQS: Failed to apply optimization [4, 0]
08-30 11:12:04.878   939  1021 E ANDR-PERF-OPTSHANDLER: perf_lock_rel: updated /sys/class/scsi_host/host0/../../../clkscale_enable with 1
08-30 11:12:04.878   939  1021 E ANDR-PERF-OPTSHANDLER:  return value 2
08-30 11:12:05.002  1663  1681 D CompatibilityInfo: mCompatibilityFlags - 0
08-30 11:12:05.002  1663  1681 D CompatibilityInfo: applicationDensity - 480
08-30 11:12:05.002  1663  1681 D CompatibilityInfo: applicationScale - 1.0
08-30 11:12:05.004  1204  1204 D pr      : onReceive
08-30 11:12:05.004  1204  1204 D pr      : UpdateViews
08-30 11:12:05.054  1204  1204 W pr      : Widgets list is empty
08-30 11:12:05.172  9462 16292 E WakeLock: CMWakeLock was already released!
08-30 11:12:05.172  9462 16292 E WakeLock: java.lang.RuntimeException: WakeLock under-locked CMWakeLock
08-30 11:12:05.172  9462 16292 E WakeLock: 	at android.os.PowerManager$WakeLock.release(PowerManager.java:1502)
08-30 11:12:05.172  9462 16292 E WakeLock: 	at android.os.PowerManager$WakeLock.release(PowerManager.java:1462)
08-30 11:12:05.172  9462 16292 E WakeLock: 	at amvo.a(:com.google.android.gms@12878025@12.8.78 (040408-209461520):4)
08-30 11:12:05.172  9462 16292 E WakeLock: 	at amvo.c(:com.google.android.gms@12878025@12.8.78 (040408-209461520):3)
08-30 11:12:05.172  9462 16292 E WakeLock: 	at amvo.b(:com.google.android.gms@12878025@12.8.78 (040408-209461520):9)
08-30 11:12:05.172  9462 16292 E WakeLock: 	at dpx.a(:com.google.android.gms@12878025@12.8.78 (040408-209461520):10)
08-30 11:12:05.172  9462 16292 E WakeLock: 	at dpx.handleMessage(:com.google.android.gms@12878025@12.8.78 (040408-209461520):4)
08-30 11:12:05.172  9462 16292 E WakeLock: 	at pmn.run(:com.google.android.gms@12878025@12.8.78 (040408-209461520):6)
08-30 11:12:05.172  9462 16292 E WakeLock: 	at pmz.run(:com.google.android.gms@12878025@12.8.78 (040408-209461520):28)
08-30 11:12:05.172  9462 16292 E WakeLock: 	at java.util.concurrent.ThreadPoolExecutor.runWorker(ThreadPoolExecutor.java:1162)
08-30 11:12:05.172  9462 16292 E WakeLock: 	at java.util.concurrent.ThreadPoolExecutor$Worker.run(ThreadPoolExecutor.java:636)
08-30 11:12:05.172  9462 16292 E WakeLock: 	at ptb.run(Unknown Source:7)
08-30 11:12:05.172  9462 16292 E WakeLock: 	at java.lang.Thread.run(Thread.java:764)
08-30 11:12:05.224  9925  9952 E memtrack: Couldn't load memtrack module
08-30 11:12:05.224  9925  9952 W android.os.Debug: failed to get memory consumption info: -1
08-30 11:12:05.648   939  1021 E ANDR-PERF-OPTSHANDLER: Warning: Core control support not present for lock_min_cores on cluster 0 for this target
08-30 11:12:05.648   939  1021 E ANDR-PERF-RESOURCEQS: Failed to apply optimization [4, 0]
08-30 11:12:05.807 16747 16753 I zygote64: Do partial code cache collection, code=45KB, data=45KB
08-30 11:12:05.808 16747 16753 I zygote64: After code cache collection, code=45KB, data=45KB
08-30 11:12:05.808 16747 16753 I zygote64: Increasing code cache capacity to 256KB
08-30 11:12:05.808 16747 16753 I zygote64: Compiler allocated 6MB to compile void android.view.ViewRootImpl.performTraversals()
08-30 11:12:06.159   939  1021 E ANDR-PERF-OPTSHANDLER: Warning: Core control support not present for lock_min_cores on cluster 0 for this target
08-30 11:12:06.159   939  1021 E ANDR-PERF-RESOURCEQS: Failed to apply optimization [4, 0]
08-30 11:12:06.768   939  1021 E ANDR-PERF-OPTSHANDLER: Warning: Core control support not present for lock_min_cores on cluster 0 for this target
08-30 11:12:06.768   939  1021 E ANDR-PERF-RESOURCEQS: Failed to apply optimization [4, 0]
08-30 11:12:07.577   939  1021 E ANDR-PERF-OPTSHANDLER: Warning: Core control support not present for lock_min_cores on cluster 0 for this target
08-30 11:12:07.577   939  1021 E ANDR-PERF-RESOURCEQS: Failed to apply optimization [4, 0]
08-30 11:12:08.588 16747 16753 I zygote64: Do full code cache collection, code=124KB, data=95KB
08-30 11:12:08.589 16747 16753 I zygote64: After code cache collection, code=108KB, data=71KB
08-30 11:12:10.005  1663  1681 D CompatibilityInfo: mCompatibilityFlags - 0
08-30 11:12:10.006  1663  1681 D CompatibilityInfo: applicationDensity - 480
08-30 11:12:10.006  1663  1681 D CompatibilityInfo: applicationScale - 1.0
08-30 11:12:10.007  1204  1204 D pr      : onReceive
08-30 11:12:10.007  1204  1204 D pr      : UpdateViews
08-30 11:12:10.037  1204  1204 W pr      : Widgets list is empty
08-30 11:12:14.094  9550  9602 I Finsky  : [22468] com.google.android.finsky.bn.ab.run(5): Stats for Executor: BlockingExecutor com.google.android.finsky.bn.ac@4278b18[Running, pool size = 0, active threads = 0, queued tasks = 0, completed tasks = 0]
08-30 11:12:14.095  9550  9602 I Finsky  : [22468] com.google.android.finsky.bn.ab.run(5): Stats for Executor: LightweightExecutor com.google.android.finsky.bn.ac@dc7b971[Running, pool size = 1, active threads = 0, queued tasks = 0, completed tasks = 1]
08-30 11:12:14.177  9754  9774 E memtrack: Couldn't load memtrack module
08-30 11:12:14.177  9754  9774 W android.os.Debug: failed to get memory consumption info: -1
